Added ES: 380; EBA: 942 for topic 1:World
Added ES: 381; EBA: 943 for topic 2:U.S.
Added ES: 382; EBA: 944 for topic 3:Politics
Added ES: 383; EBA: 945 for topic 4:Business
Added ES: 384; EBA: 946 for topic 5:Sci/Tech
Added ES: 385; EBA: 947 for topic 6:Living
Added ES: 386; EBA: 948 for topic 7:Media
Added ES: 387; EBA: 949 for topic 8:Health
Added ES: 388; EBA: 950 for topic 9:Sports
Added ES: 389; EBA: 951 for topic 10:Entertainment
Added ES: 390; EBA: 952 for topic 11:Education
Added ES: 391; EBA: 953 for topic 12:Religion
Added ES: 392; EBA: 954 for topic 13:Extra
Added ES: 393; EBA: 955 for topic 14:Environment
Added ES: 394; EBA: 956 for topic 15:Freedom of Speech
Added ES: 395; EBA: 957 for topic 16:Genocide
Added ES: 396; EBA: 958 for topic 17:Global Economy
Added ES: 397; EBA: 959 for topic 18:Global Warming
Added ES: 398; EBA: 960 for topic 19:Human Rights
Added ES: 399; EBA: 961 for topic 20:Migration
Added ES: 400; EBA: 962 for topic 21:Nuclear Weapons
Added ES: 401; EBA: 963 for topic 22:Pollution
Added ES: 402; EBA: 964 for topic 23:Poverty
Added ES: 403; EBA: 965 for topic 24:Racism
Added ES: 404; EBA: 966 for topic 25:Terrorism
Added ES: 405; EBA: 967 for topic 26:Torture
Added ES: 406; EBA: 968 for topic 27:Tropical Storms
Added ES: 407; EBA: 969 for topic 28:United Nations
Added ES: 408; EBA: 970 for topic 29:War
Added ES: 409; EBA: 971 for topic 30:Africa
Added ES: 410; EBA: 972 for topic 31:Asia
Added ES: 411; EBA: 973 for topic 32:Europe
Added ES: 412; EBA: 974 for topic 33:Latin America
Added ES: 413; EBA: 975 for topic 34:Middle East
Added ES: 414; EBA: 976 for topic 35:North America
Added ES: 415; EBA: 977 for topic 36:Oceania
Added ES: 416; EBA: 978 for topic 37:Afghanistan
Added ES: 417; EBA: 979 for topic 38:Australia
Added ES: 418; EBA: 980 for topic 39:Brazil
Added ES: 419; EBA: 981 for topic 40:Canada
Added ES: 420; EBA: 982 for topic 41:China
Added ES: 421; EBA: 983 for topic 42:Cuba
Added ES: 422; EBA: 984 for topic 43:Egypt
Added ES: 423; EBA: 985 for topic 44:European Union
Added ES: 424; EBA: 986 for topic 45:France
Added ES: 425; EBA: 987 for topic 46:India
Added ES: 426; EBA: 988 for topic 47:Iran
Added ES: 427; EBA: 989 for topic 48:Iraq
Added ES: 428; EBA: 990 for topic 49:Israel
Added ES: 429; EBA: 991 for topic 50:Japan
Added ES: 430; EBA: 992 for topic 51:Kenya
Added ES: 431; EBA: 993 for topic 52:Lebanon
Added ES: 432; EBA: 994 for topic 53:Mexico
Added ES: 433; EBA: 995 for topic 54:North Korea
Added ES: 434; EBA: 996 for topic 55:Pakistan
Added ES: 435; EBA: 997 for topic 56:Palestine
Added ES: 436; EBA: 998 for topic 57:Russia
Added ES: 437; EBA: 999 for topic 58:Saudi Arabia
Added ES: 438; EBA: 1000 for topic 59:South Korea
Added ES: 439; EBA: 1001 for topic 60:Sudan
Added ES: 440; EBA: 1002 for topic 61:Syria
Added ES: 441; EBA: 1003 for topic 62:Thailand
Added ES: 442; EBA: 1004 for topic 63:Turkey
Added ES: 443; EBA: 1005 for topic 64:United Kingdom
Added ES: 444; EBA: 1006 for topic 65:Venezuela
Added ES: 445; EBA: 1007 for topic 66:Zimbabwe
Added ES: 446; EBA: 1008 for topic 67:Bush Administration
Added ES: 447; EBA: 1009 for topic 68:Civil Liberties
Added ES: 448; EBA: 1010 for topic 69:U.S. Military
Added ES: 449; EBA: 1011 for topic 70:Domestic Spying
Added ES: 450; EBA: 1012 for topic 71:Foreign Policy
Added ES: 451; EBA: 1013 for topic 72:Gun Control
Added ES: 452; EBA: 1014 for topic 73:Hurricane Katrina
Added ES: 453; EBA: 1015 for topic 74:Immigration
Added ES: 454; EBA: 1016 for topic 75:Law Enforcement
Added ES: 455; EBA: 1017 for topic 76:Law
Added ES: 456; EBA: 1018 for topic 77:National Security
Added ES: 457; EBA: 1019 for topic 78:Presidential Election 2008
Added ES: 458; EBA: 1020 for topic 79:U.S. Budget
Added ES: 459; EBA: 1021 for topic 80:U.S. Congress
Added ES: 460; EBA: 1022 for topic 81:U.S. Economy
Added ES: 461; EBA: 1023 for topic 82:U.S. House of Representatives
Added ES: 462; EBA: 1024 for topic 83:U.S. Senate
Added ES: 463; EBA: 1025 for topic 84:U.S. Supreme Court
Added ES: 464; EBA: 1026 for topic 85:U.S. White House
Added ES: 465; EBA: 1027 for topic 86:War in Iraq
Added ES: 466; EBA: 1028 for topic 87:Democrats
Added ES: 467; EBA: 1029 for topic 88:Republicans
Added ES: 468; EBA: 1030 for topic 89:Other Parties
Added ES: 469; EBA: 1031 for topic 90:U.S. Constitution
Added ES: 470; EBA: 1032 for topic 91:Campaign Reform
Added ES: 471; EBA: 1033 for topic 92:Election Reform
Added ES: 472; EBA: 1034 for topic 93:Lobbying
Added ES: 473; EBA: 1035 for topic 94:Media and Politics
Added ES: 474; EBA: 1036 for topic 95:Money and Politics
Added ES: 475; EBA: 1037 for topic 96:Religion and Politics
Added ES: 476; EBA: 1038 for topic 97:Congressional Oversight
Added ES: 477; EBA: 1039 for topic 98:Earmarks
Added ES: 478; EBA: 1040 for topic 99:Democratic Nomination
Added ES: 479; EBA: 1041 for topic 100:Republican Nomination
Added ES: 480; EBA: 1042 for topic 101:John McCain
Added ES: 481; EBA: 1043 for topic 102:Obama Administration
Added ES: 482; EBA: 1044 for topic 103:Joe Biden
Added ES: 483; EBA: 1045 for topic 104:Sarah Palin
Added ES: 484; EBA: 1046 for topic 105:Hillary Clinton
Added ES: 485; EBA: 1047 for topic 106:Superdelegates
Added ES: 486; EBA: 1048 for topic 107:Midterm Elections
Added ES: 487; EBA: 1049 for topic 108:Elections
Added ES: 488; EBA: 1050 for topic 109:Advertising
Added ES: 489; EBA: 1051 for topic 110:Copyright
Added ES: 490; EBA: 1052 for topic 111:Defense Industry
Added ES: 491; EBA: 1053 for topic 112:Energy
Added ES: 492; EBA: 1054 for topic 113:Corporate Governance
Added ES: 493; EBA: 1055 for topic 114:Green Technology
Added ES: 494; EBA: 1056 for topic 115:Farming
Added ES: 495; EBA: 1057 for topic 116:Finance
Added ES: 496; EBA: 1058 for topic 117:Health Care
Added ES: 497; EBA: 1059 for topic 118:Labor
Added ES: 498; EBA: 1060 for topic 119:Industry
Added ES: 499; EBA: 1061 for topic 120:Innovation
Added ES: 500; EBA: 1062 for topic 121:Internet
Topic 122:Oil and Gas has featured review block already: ES: 315
Added ES: 501; EBA: 1063 for topic 123:Pharmaceuticals
Added ES: 502; EBA: 1064 for topic 124:Philanthropy
Added ES: 503; EBA: 1065 for topic 125:Real Estate
Added ES: 504; EBA: 1066 for topic 126:Retail
Added ES: 505; EBA: 1067 for topic 127:Sustainability
Added ES: 506; EBA: 1068 for topic 128:Taxes
Added ES: 507; EBA: 1069 for topic 129:Technology
Added ES: 508; EBA: 1070 for topic 130:Telecommunications
Added ES: 509; EBA: 1071 for topic 131:Trade
Added ES: 510; EBA: 1072 for topic 132:Transportation
Added ES: 511; EBA: 1073 for topic 133:Apple
Added ES: 512; EBA: 1074 for topic 134:Enron
Added ES: 513; EBA: 1075 for topic 135:Google
Added ES: 514; EBA: 1076 for topic 136:Microsoft
Added ES: 515; EBA: 1077 for topic 137:Wal-Mart
Added ES: 516; EBA: 1078 for topic 138:Yahoo
Added ES: 517; EBA: 1079 for topic 139:Biology
Added ES: 518; EBA: 1080 for topic 140:Computers
Added ES: 519; EBA: 1081 for topic 141:Evolution Debate
Added ES: 520; EBA: 1082 for topic 142:Psychology
Added ES: 521; EBA: 1083 for topic 143:Science
Added ES: 522; EBA: 1084 for topic 144:Science and Religion
Added ES: 523; EBA: 1085 for topic 145:Space
Added ES: 524; EBA: 1086 for topic 146:Weather
Added ES: 525; EBA: 1087 for topic 147:Arts
Added ES: 526; EBA: 1088 for topic 148:Cars
Added ES: 527; EBA: 1089 for topic 149:Family
Added ES: 528; EBA: 1090 for topic 150:Food
Added ES: 529; EBA: 1091 for topic 151:Gay and Lesbian
Added ES: 530; EBA: 1092 for topic 152:Housing
Added ES: 531; EBA: 1093 for topic 153:Money
Added ES: 532; EBA: 1094 for topic 154:Parenting
Added ES: 533; EBA: 1095 for topic 155:Women
Added ES: 534; EBA: 1096 for topic 156:Youth
Added ES: 535; EBA: 1097 for topic 157:Blogs
Added ES: 536; EBA: 1098 for topic 158:Citizen Journalism
Added ES: 537; EBA: 1099 for topic 159:Culture Wars
Added ES: 538; EBA: 1100 for topic 160:Ethics in Journalism
Added ES: 539; EBA: 1101 for topic 161:Fake News
Added ES: 540; EBA: 1102 for topic 162:Journalism
Added ES: 541; EBA: 1103 for topic 163:Mainstream Media
Added ES: 542; EBA: 1104 for topic 164:Media Ownership
Added ES: 543; EBA: 1105 for topic 165:New Media
Added ES: 544; EBA: 1106 for topic 166:Social Networks
Added ES: 545; EBA: 1107 for topic 167:Abortion
Added ES: 546; EBA: 1108 for topic 168:Bird Flu Virus
Added ES: 547; EBA: 1109 for topic 169:Cancer
Added ES: 548; EBA: 1110 for topic 170:HIV/AIDS
Added ES: 549; EBA: 1111 for topic 171:Infectious Diseases
Added ES: 550; EBA: 1112 for topic 172:Medicare
Added ES: 551; EBA: 1113 for topic 173:Drugs
Added ES: 552; EBA: 1114 for topic 174:Stem Cell Research
Added ES: 553; EBA: 1115 for topic 175:Wellness
Added ES: 554; EBA: 1116 for topic 176:Olympics
Added ES: 555; EBA: 1117 for topic 177:Baseball
Added ES: 556; EBA: 1118 for topic 178:Basketball
Added ES: 557; EBA: 1119 for topic 179:Cricket
Added ES: 558; EBA: 1120 for topic 180:Cycling
Added ES: 559; EBA: 1121 for topic 181:Football
Added ES: 560; EBA: 1122 for topic 182:Golf
Added ES: 561; EBA: 1123 for topic 183:Running
Added ES: 562; EBA: 1124 for topic 184:Sailing
Added ES: 563; EBA: 1125 for topic 185:Soccer
Added ES: 564; EBA: 1126 for topic 186:Tennis
Added ES: 565; EBA: 1127 for topic 187:Celebrities
Added ES: 566; EBA: 1128 for topic 188:Hollywood
Added ES: 567; EBA: 1129 for topic 189:Books
Added ES: 568; EBA: 1130 for topic 190:DVD
Added ES: 569; EBA: 1131 for topic 191:Games
Added ES: 570; EBA: 1132 for topic 192:Movies
Added ES: 571; EBA: 1133 for topic 193:Music
Added ES: 572; EBA: 1134 for topic 194:Online
Added ES: 573; EBA: 1135 for topic 195:TV
Added ES: 574; EBA: 1136 for topic 196:Lifelong Learning
Added ES: 575; EBA: 1137 for topic 197:College
Added ES: 576; EBA: 1138 for topic 198:High School
Added ES: 577; EBA: 1139 for topic 199:Middle School
Added ES: 578; EBA: 1140 for topic 200:Primary School
Added ES: 579; EBA: 1141 for topic 201:Church and State
Added ES: 580; EBA: 1142 for topic 202:Faith and Reason
Added ES: 581; EBA: 1143 for topic 203:Buddhism
Added ES: 582; EBA: 1144 for topic 204:Christianity
Added ES: 583; EBA: 1145 for topic 205:Islam
Added ES: 584; EBA: 1146 for topic 206:Judaism
Added ES: 585; EBA: 1147 for topic 207:Huffington Post
Added ES: 586; EBA: 1148 for topic 208:Internews
Added ES: 587; EBA: 1149 for topic 209:LinkTV
Added ES: 588; EBA: 1150 for topic 210:Media Channel
Added ES: 589; EBA: 1151 for topic 211:Poynter
Added ES: 590; EBA: 1152 for topic 212:Stony Brook
Added ES: 591; EBA: 1153 for topic 213:uclick
Added ES: 592; EBA: 1154 for topic 214:Nicolas Sarkozy
Added ES: 593; EBA: 1155 for topic 215:Baghdad Wall
Added ES: 594; EBA: 1156 for topic 216:U.S. Attorney Firings
Added ES: 595; EBA: 1157 for topic 217:Mid Atlantic
Added ES: 596; EBA: 1158 for topic 218:Midwest
Added ES: 597; EBA: 1159 for topic 219:New England
Added ES: 598; EBA: 1160 for topic 220:Northwest
Added ES: 599; EBA: 1161 for topic 221:Southeast
Added ES: 600; EBA: 1162 for topic 222:Southwest
Added ES: 601; EBA: 1163 for topic 223:San Francisco Bay Area
Added ES: 602; EBA: 1164 for topic 224:Albany News
Added ES: 603; EBA: 1165 for topic 225:Berkeley News
Added ES: 604; EBA: 1166 for topic 226:El Cerrito News
Added ES: 605; EBA: 1167 for topic 227:Emeryville News
Added ES: 606; EBA: 1168 for topic 228:Oakland
Added ES: 607; EBA: 1169 for topic 229:California
Added ES: 608; EBA: 1170 for topic 230:Washington State
Added ES: 609; EBA: 1171 for topic 231:Odd News
Added ES: 610; EBA: 1172 for topic 232:Patriot Act
Added ES: 611; EBA: 1173 for topic 233:Democracy In the Middle East
Added ES: 612; EBA: 1174 for topic 234:Iran Nuclear Program
Added ES: 613; EBA: 1175 for topic 235:Movies and Politics
Added ES: 614; EBA: 1176 for topic 236:Fraud on Capitol Hill
Added ES: 615; EBA: 1177 for topic 237:Globalization
Added ES: 616; EBA: 1178 for topic 238:Campaign Finance
Added ES: 617; EBA: 1179 for topic 239:Third Party
Added ES: 618; EBA: 1180 for topic 240:Midterm Elections 2006
Added ES: 619; EBA: 1181 for topic 241:Rudy Giuliani
Added ES: 620; EBA: 1182 for topic 242:Tom Tancredo
Added ES: 621; EBA: 1183 for topic 243:Mitt Romney
Added ES: 622; EBA: 1184 for topic 244:Tommy Thompson
Added ES: 623; EBA: 1185 for topic 245:John Edwards
Added ES: 624; EBA: 1186 for topic 246:Dennis Kucinich
Added ES: 625; EBA: 1187 for topic 247:Bill Richardson
Added ES: 626; EBA: 1188 for topic 248:Duncan Hunter
Added ES: 627; EBA: 1189 for topic 249:Mike Huckabee
Added ES: 628; EBA: 1190 for topic 250:Ron Paul
Added ES: 629; EBA: 1191 for topic 251:Congressional Leadership
Added ES: 630; EBA: 1192 for topic 252:Corruption in Congress
Added ES: 631; EBA: 1193 for topic 253:Government Transparency
Added ES: 632; EBA: 1194 for topic 254:Fred Thompson
Added ES: 633; EBA: 1195 for topic 255:Social Change
Added ES: 634; EBA: 1196 for topic 256:Jobs
Added ES: 635; EBA: 1197 for topic 257:Race
Added ES: 636; EBA: 1198 for topic 258:Privacy
Added ES: 637; EBA: 1199 for topic 259:Nuclear Power
Added ES: 638; EBA: 1200 for topic 260:CIA
Added ES: 639; EBA: 1201 for topic 261:Corruption
Added ES: 640; EBA: 1202 for topic 262:FBI
Added ES: 641; EBA: 1203 for topic 263:Somalia
Added ES: 642; EBA: 1204 for topic 264:Birth Control
Added ES: 643; EBA: 1205 for topic 265:Gaza
Added ES: 644; EBA: 1206 for topic 266:Crime
Added ES: 645; EBA: 1207 for topic 267:FCC
Added ES: 646; EBA: 1208 for topic 268:Bad Journalism
Added ES: 647; EBA: 1209 for topic 269:Arizona
Added ES: 648; EBA: 1210 for topic 270:Nigeria
Added ES: 649; EBA: 1211 for topic 271:Hunger
Added ES: 650; EBA: 1212 for topic 272:Prisons
Added ES: 651; EBA: 1213 for topic 273:Chile
Added ES: 652; EBA: 1214 for topic 274:Taliban
Added ES: 653; EBA: 1215 for topic 275:Facebook
Added ES: 654; EBA: 1216 for topic 276:Refugees
Added ES: 655; EBA: 1217 for topic 277:New York City
Added ES: 656; EBA: 1218 for topic 278:NATO
Added ES: 657; EBA: 1219 for topic 279:Germany
Added ES: 658; EBA: 1220 for topic 280:Peace
Added ES: 659; EBA: 1221 for topic 281:Insurance
Added ES: 660; EBA: 1222 for topic 282:Community
Added ES: 661; EBA: 1223 for topic 283:Mining
Added ES: 662; EBA: 1224 for topic 284:Indonesia
Added ES: 663; EBA: 1225 for topic 285:Poland
Added ES: 664; EBA: 1226 for topic 286:Water
Added ES: 665; EBA: 1227 for topic 287:Sex
Added ES: 666; EBA: 1228 for topic 288:Wind Power
Added ES: 667; EBA: 1229 for topic 289:Biofuels
Added ES: 668; EBA: 1230 for topic 290:Social Security
Added ES: 669; EBA: 1231 for topic 291:South Africa
Added ES: 670; EBA: 1232 for topic 292:Solar Energy
Added ES: 671; EBA: 1233 for topic 293:Coal
Added ES: 672; EBA: 1234 for topic 294:Yemen
Added ES: 673; EBA: 1235 for topic 295:Education Reform
Added ES: 674; EBA: 1236 for topic 296:Aging
Added ES: 675; EBA: 1237 for topic 297:Greece
Added ES: 676; EBA: 1238 for topic 298:Iceland
Added ES: 677; EBA: 1239 for topic 299:Haiti
Added ES: 678; EBA: 1240 for topic 300:Climate Change
Added ES: 679; EBA: 1241 for topic 301:Best of 2008
Added ES: 680; EBA: 1242 for topic 302:Bush Legacy
Added ES: 681; EBA: 1243 for topic 303:Digital Learning
Added ES: 682; EBA: 1244 for topic 304:Early Childhood
Added ES: 683; EBA: 1245 for topic 305:Global Literacy
Added ES: 684; EBA: 1246 for topic 306:Black
Added ES: 685; EBA: 1247 for topic 307:Animals
Added ES: 686; EBA: 1248 for topic 308:Minorities
Added ES: 687; EBA: 1249 for topic 309:Local
Added ES: 688; EBA: 1250 for topic 310:Goldman Sachs
Added ES: 689; EBA: 1251 for topic 311:Switzerland
Added ES: 690; EBA: 1252 for topic 312:Stanford University
Added ES: 691; EBA: 1253 for topic 313:Natural Disasters
Added ES: 692; EBA: 1254 for topic 314:News Literacy
Added ES: 693; EBA: 1255 for topic 315:Baltimore
Added ES: 694; EBA: 1256 for topic 316:Geothermal Energy
Added ES: 695; EBA: 1257 for topic 317:Best of 2009
Added ES: 696; EBA: 1258 for topic 318:Cowboy Ecology
Added ES: 697; EBA: 1259 for topic 319:Long News
Added ES: 698; EBA: 1260 for topic 320:Fusion Energy
Added ES: 699; EBA: 1261 for topic 321:Neighborhood
Added ES: 700; EBA: 1262 for topic 643:Maryland
Added ES: 701; EBA: 1263 for topic 647:Infrastructure
Added ES: 702; EBA: 1264 for topic 648:Government
Added ES: 703; EBA: 1265 for topic 651:Fire
Added ES: 704; EBA: 1266 for topic 657:District of Columbia
Added ES: 705; EBA: 1267 for topic 661:Asian
Added ES: 706; EBA: 1268 for topic 663:Hispanic
Added ES: 707; EBA: 1269 for topic 665:American Indian
Added ES: 708; EBA: 1270 for topic 667:White
Added ES: 709; EBA: 1271 for topic 669:Men
Added ES: 710; EBA: 1272 for topic 671:Adults
Added ES: 711; EBA: 1273 for topic 673:Seniors
Added ES: 712; EBA: 1274 for topic 675:Wealth
Added ES: 713; EBA: 1275 for topic 677:Gender
Added ES: 714; EBA: 1276 for topic 679:City
Added ES: 715; EBA: 1277 for topic 681:County
Added ES: 716; EBA: 1278 for topic 683:State
Added ES: 717; EBA: 1279 for topic 685:Regional
Added ES: 718; EBA: 1280 for topic 687:Virginia
Added ES: 719; EBA: 1281 for topic 689:Delaware
Added ES: 720; EBA: 1282 for topic 691:Pennsylvania
Added ES: 721; EBA: 1283 for topic 693:West Virginia
Added ES: 722; EBA: 1284 for topic 695:New Jersey
Added ES: 723; EBA: 1285 for topic 697:Courts
Added ES: 724; EBA: 1286 for topic 699:Police
Added ES: 725; EBA: 1287 for topic 701:Culture
Added ES: 726; EBA: 1288 for topic 703:Style
Added ES: 727; EBA: 1289 for topic 705:Tea Party
Added ES: 728; EBA: 1290 for topic 707:Conservative
Added ES: 729; EBA: 1291 for topic 709:Liberal
Added ES: 730; EBA: 1292 for topic 711:Libertarian
Added ES: 731; EBA: 1293 for topic 713:Socialist
Added ES: 732; EBA: 1294 for topic 715:Communist
Added ES: 733; EBA: 1295 for topic 716:Independent
Added ES: 734; EBA: 1296 for topic 718:Moderate
Added ES: 735; EBA: 1297 for topic 720:Presidential Election 2012
Added ES: 736; EBA: 1298 for topic 722:WikiLeaks
Added ES: 737; EBA: 1299 for topic 724:Juvenile Justice
Added ES: 738; EBA: 1300 for topic 726:Startups
Added ES: 739; EBA: 1301 for topic 728:Net Neutrality
Added ES: 740; EBA: 1302 for topic 730:Marriage
Added ES: 741; EBA: 1303 for topic 732:Deficit
Added ES: 742; EBA: 1304 for topic 734:Partisanship
Added ES: 743; EBA: 1305 for topic 736:Twitter
Added ES: 744; EBA: 1306 for topic 738:Mobile
Added ES: 745; EBA: 1307 for topic 740:Future
Added ES: 746; EBA: 1308 for topic 744:National Security Administration
Added ES: 747; EBA: 1309 for topic 755:History
Added ES: 748; EBA: 1310 for topic 759:Air Travel
Added ES: 749; EBA: 1311 for topic 762:Alcohol
Added ES: 750; EBA: 1312 for topic 763:Transgender
Added ES: 751; EBA: 1313 for topic 765:Wisconsin
Added ES: 752; EBA: 1314 for topic 767:Libya
Added ES: 753; EBA: 1315 for topic 769:Population
Added ES: 754; EBA: 1316 for topic 771:Demographics
Added ES: 755; EBA: 1317 for topic 773:Census
Added ES: 756; EBA: 1318 for topic 775:Wages
Added ES: 757; EBA: 1319 for topic 777:Death Penalty
Added ES: 758; EBA: 1320 for topic 779:Gangs
Added ES: 759; EBA: 1321 for topic 781:Personal Finance
Added ES: 760; EBA: 1322 for topic 783:Consumer Issues
Added ES: 761; EBA: 1323 for topic 785:Retirement
Added ES: 762; EBA: 1324 for topic 787:Pension Reform
Added ES: 763; EBA: 1325 for topic 790:Violence
Added ES: 764; EBA: 1326 for topic 794:National Debt

